2025-09-21 11:32:13 [main] INFO  c.w.WaterTrackerApplication - Starting WaterTrackerApplication using Java 21.0.8 with PID 3341 (/home/brian/projects/water-tracker/backend/target/classes started by brian in /home/brian/projects/water-tracker/backend)
2025-09-21 11:32:13 [main] INFO  c.w.WaterTrackerApplication - No active profile set, falling back to 1 default profile: "default"
2025-09-21 11:32:14 [main] INFO  o.s.d.r.c.RepositoryConfigurationDelegate - Bootstrapping Spring Data JDBC repositories in DEFAULT mode.
2025-09-21 11:32:14 [main] INFO  o.s.d.r.c.RepositoryConfigurationDelegate - Finished Spring Data repository scanning in 7 ms. Found 0 JDBC repository interfaces.
2025-09-21 11:32:14 [main] INFO  o.s.b.w.e.tomcat.TomcatWebServer - Tomcat initialized with port 8080 (http)
2025-09-21 11:32:14 [main] INFO  o.a.coyote.http11.Http11NioProtocol - Initializing ProtocolHandler ["http-nio-8080"]
2025-09-21 11:32:14 [main] INFO  o.a.catalina.core.StandardService - Starting service [Tomcat]
2025-09-21 11:32:14 [main] INFO  o.a.catalina.core.StandardEngine - Starting Servlet engine: [Apache Tomcat/10.1.33]
2025-09-21 11:32:14 [main] INFO  o.a.c.c.C.[Tomcat].[localhost].[/] - Initializing Spring embedded WebApplicationContext
2025-09-21 11:32:14 [main] INFO  o.s.b.w.s.c.ServletWebServerApplicationContext - Root WebApplicationContext: initialization completed in 712 ms
2025-09-21 11:32:14 [main] INFO  com.zaxxer.hikari.HikariDataSource - HikariPool-1 - Starting...
2025-09-21 11:32:14 [main] INFO  com.zaxxer.hikari.pool.HikariPool - HikariPool-1 - Added connection conn0: url=jdbc:h2:file:./data/water_tracker user=SA
2025-09-21 11:32:14 [main] INFO  com.zaxxer.hikari.HikariDataSource - HikariPool-1 - Start completed.
2025-09-21 11:32:14 [main] INFO  o.s.b.a.h.H2ConsoleAutoConfiguration - H2 console available at '/h2-console'. Database available at 'jdbc:h2:file:./data/water_tracker'
2025-09-21 11:32:15 [main] INFO  o.a.coyote.http11.Http11NioProtocol - Starting ProtocolHandler ["http-nio-8080"]
2025-09-21 11:32:15 [main] INFO  o.s.b.w.e.tomcat.TomcatWebServer - Tomcat started on port 8080 (http) with context path '/'
2025-09-21 11:32:15 [main] INFO  c.w.WaterTrackerApplication - Started WaterTrackerApplication in 1.627 seconds (process running for 1.831)
2025-09-21 11:32:15 [SpringApplicationShutdownHook] INFO  com.zaxxer.hikari.HikariDataSource - HikariPool-1 - Shutdown initiated...
2025-09-21 11:32:15 [SpringApplicationShutdownHook] INFO  com.zaxxer.hikari.HikariDataSource - HikariPool-1 - Shutdown completed.
2025-09-21 11:32:29 [main] INFO  c.w.WaterTrackerApplication - Starting WaterTrackerApplication using Java 21.0.8 with PID 3652 (/home/brian/projects/water-tracker/backend/target/classes started by brian in /home/brian/projects/water-tracker/backend)
2025-09-21 11:32:29 [main] INFO  c.w.WaterTrackerApplication - No active profile set, falling back to 1 default profile: "default"
2025-09-21 11:32:30 [main] INFO  o.s.d.r.c.RepositoryConfigurationDelegate - Bootstrapping Spring Data JDBC repositories in DEFAULT mode.
2025-09-21 11:32:30 [main] INFO  o.s.d.r.c.RepositoryConfigurationDelegate - Finished Spring Data repository scanning in 8 ms. Found 0 JDBC repository interfaces.
2025-09-21 11:32:30 [main] INFO  o.s.b.w.e.tomcat.TomcatWebServer - Tomcat initialized with port 8080 (http)
2025-09-21 11:32:30 [main] INFO  o.a.coyote.http11.Http11NioProtocol - Initializing ProtocolHandler ["http-nio-8080"]
2025-09-21 11:32:30 [main] INFO  o.a.catalina.core.StandardService - Starting service [Tomcat]
2025-09-21 11:32:30 [main] INFO  o.a.catalina.core.StandardEngine - Starting Servlet engine: [Apache Tomcat/10.1.33]
2025-09-21 11:32:30 [main] INFO  o.a.c.c.C.[Tomcat].[localhost].[/] - Initializing Spring embedded WebApplicationContext
2025-09-21 11:32:30 [main] INFO  o.s.b.w.s.c.ServletWebServerApplicationContext - Root WebApplicationContext: initialization completed in 620 ms
2025-09-21 11:32:30 [main] INFO  com.zaxxer.hikari.HikariDataSource - HikariPool-1 - Starting...
2025-09-21 11:32:30 [main] INFO  com.zaxxer.hikari.pool.HikariPool - HikariPool-1 - Added connection conn0: url=jdbc:h2:file:./data/water_tracker user=SA
2025-09-21 11:32:30 [main] INFO  com.zaxxer.hikari.HikariDataSource - HikariPool-1 - Start completed.
2025-09-21 11:32:30 [main] INFO  o.s.b.a.h.H2ConsoleAutoConfiguration - H2 console available at '/h2-console'. Database available at 'jdbc:h2:file:./data/water_tracker'
2025-09-21 11:32:30 [main] INFO  o.a.coyote.http11.Http11NioProtocol - Starting ProtocolHandler ["http-nio-8080"]
2025-09-21 11:32:30 [main] INFO  o.s.b.w.e.tomcat.TomcatWebServer - Tomcat started on port 8080 (http) with context path '/'
2025-09-21 11:32:30 [main] INFO  c.w.WaterTrackerApplication - Started WaterTrackerApplication in 1.425 seconds (process running for 1.613)
2025-09-21 11:33:02 [http-nio-8080-exec-1] INFO  o.a.c.c.C.[Tomcat].[localhost].[/] - Initializing Spring DispatcherServlet 'dispatcherServlet'
2025-09-21 11:33:02 [http-nio-8080-exec-1] INFO  o.s.web.servlet.DispatcherServlet - Initializing Servlet 'dispatcherServlet'
2025-09-21 11:33:02 [http-nio-8080-exec-1] INFO  o.s.web.servlet.DispatcherServlet - Completed initialization in 1 ms
2025-09-21 11:33:03 [http-nio-8080-exec-3] INFO  c.w.services.WaterLogService - Adding water log: 8 ounces at 2025-09-21T11:33:03.298756216
2025-09-21 11:33:03 [http-nio-8080-exec-3] INFO  c.w.services.WaterLogService - Successfully added water log with ID: 0
2025-09-21 11:33:03 [http-nio-8080-exec-5] INFO  c.w.services.WaterLogService - Adding water log: 8 ounces at 2025-09-21T11:33:03.930327292
2025-09-21 11:33:03 [http-nio-8080-exec-5] INFO  c.w.services.WaterLogService - Successfully added water log with ID: 0
2025-09-21 11:33:04 [http-nio-8080-exec-7] INFO  c.w.services.WaterLogService - Adding water log: 8 ounces at 2025-09-21T11:33:04.590087112
2025-09-21 11:33:04 [http-nio-8080-exec-7] INFO  c.w.services.WaterLogService - Successfully added water log with ID: 0
2025-09-21 11:33:05 [http-nio-8080-exec-9] INFO  c.w.services.WaterLogService - Adding water log: 8 ounces at 2025-09-21T11:33:05.059834831
2025-09-21 11:33:05 [http-nio-8080-exec-9] INFO  c.w.services.WaterLogService - Successfully added water log with ID: 0
2025-09-21 11:33:06 [http-nio-8080-exec-1] INFO  c.w.services.WaterLogService - Adding water log: 8 ounces at 2025-09-21T11:33:06.213333884
2025-09-21 11:33:06 [http-nio-8080-exec-1] INFO  c.w.services.WaterLogService - Successfully added water log with ID: 0
2025-09-21 11:33:06 [http-nio-8080-exec-3] INFO  c.w.services.WaterLogService - Adding water log: 12 ounces at 2025-09-21T11:33:06.733648126
2025-09-21 11:33:06 [http-nio-8080-exec-3] INFO  c.w.services.WaterLogService - Successfully added water log with ID: 0
2025-09-21 11:33:10 [http-nio-8080-exec-6] INFO  c.w.services.WaterLogService - Deleting water log with ID: 19
2025-09-21 11:33:10 [http-nio-8080-exec-6] INFO  c.w.services.WaterLogService - Successfully deleted water log with ID: 19
2025-09-21 11:33:12 [http-nio-8080-exec-9] INFO  c.w.services.WaterLogService - Deleting water log with ID: 18
2025-09-21 11:33:12 [http-nio-8080-exec-9] INFO  c.w.services.WaterLogService - Successfully deleted water log with ID: 18
2025-09-21 11:33:13 [http-nio-8080-exec-2] INFO  c.w.services.WaterLogService - Deleting water log with ID: 17
2025-09-21 11:33:13 [http-nio-8080-exec-2] INFO  c.w.services.WaterLogService - Successfully deleted water log with ID: 17
2025-09-21 11:33:15 [http-nio-8080-exec-5] INFO  c.w.services.WaterLogService - Deleting water log with ID: 16
2025-09-21 11:33:15 [http-nio-8080-exec-5] INFO  c.w.services.WaterLogService - Successfully deleted water log with ID: 16
2025-09-21 11:33:17 [http-nio-8080-exec-8] INFO  c.w.services.WaterLogService - Deleting water log with ID: 15
2025-09-21 11:33:17 [http-nio-8080-exec-8] INFO  c.w.services.WaterLogService - Successfully deleted water log with ID: 15
2025-09-21 11:33:18 [http-nio-8080-exec-1] INFO  c.w.services.WaterLogService - Deleting water log with ID: 14
2025-09-21 11:33:18 [http-nio-8080-exec-1] INFO  c.w.services.WaterLogService - Successfully deleted water log with ID: 14
2025-09-21 11:33:21 [http-nio-8080-exec-3] INFO  c.w.services.WaterLogService - Adding water log: 20 ounces at 2025-09-21T11:33:21.257824573
2025-09-21 11:33:21 [http-nio-8080-exec-3] INFO  c.w.services.WaterLogService - Successfully added water log with ID: 0
2025-09-21 11:39:11 [http-nio-8080-exec-5] INFO  c.w.services.WaterLogService - Adding water log: 8 ounces at 2025-09-21T11:39:11.032495462
2025-09-21 11:39:11 [http-nio-8080-exec-5] INFO  c.w.services.WaterLogService - Successfully added water log with ID: 0
2025-09-21 11:39:11 [http-nio-8080-exec-7] INFO  c.w.services.WaterLogService - Adding water log: 8 ounces at 2025-09-21T11:39:11.583640158
2025-09-21 11:39:11 [http-nio-8080-exec-7] INFO  c.w.services.WaterLogService - Successfully added water log with ID: 0
2025-09-21 11:39:12 [http-nio-8080-exec-9] INFO  c.w.services.WaterLogService - Adding water log: 8 ounces at 2025-09-21T11:39:12.033333081
2025-09-21 11:39:12 [http-nio-8080-exec-9] INFO  c.w.services.WaterLogService - Successfully added water log with ID: 0
2025-09-21 11:39:12 [http-nio-8080-exec-1] INFO  c.w.services.WaterLogService - Adding water log: 8 ounces at 2025-09-21T11:39:12.489793773
2025-09-21 11:39:12 [http-nio-8080-exec-1] INFO  c.w.services.WaterLogService - Successfully added water log with ID: 0
2025-09-21 11:39:12 [http-nio-8080-exec-3] INFO  c.w.services.WaterLogService - Adding water log: 8 ounces at 2025-09-21T11:39:12.668898701
2025-09-21 11:39:12 [http-nio-8080-exec-3] INFO  c.w.services.WaterLogService - Successfully added water log with ID: 0
2025-09-21 11:39:16 [http-nio-8080-exec-6] INFO  c.w.services.WaterLogService - Deleting water log with ID: 25
2025-09-21 11:39:16 [http-nio-8080-exec-6] INFO  c.w.services.WaterLogService - Successfully deleted water log with ID: 25
2025-09-21 11:39:18 [http-nio-8080-exec-10] INFO  c.w.services.WaterLogService - Deleting water log with ID: 24
2025-09-21 11:39:18 [http-nio-8080-exec-10] INFO  c.w.services.WaterLogService - Successfully deleted water log with ID: 24
2025-09-21 11:39:20 [http-nio-8080-exec-3] INFO  c.w.services.WaterLogService - Deleting water log with ID: 23
2025-09-21 11:39:20 [http-nio-8080-exec-3] INFO  c.w.services.WaterLogService - Successfully deleted water log with ID: 23
2025-09-21 11:39:22 [http-nio-8080-exec-6] INFO  c.w.services.WaterLogService - Deleting water log with ID: 22
2025-09-21 11:39:22 [http-nio-8080-exec-6] INFO  c.w.services.WaterLogService - Successfully deleted water log with ID: 22
2025-09-21 11:39:24 [http-nio-8080-exec-9] INFO  c.w.services.WaterLogService - Deleting water log with ID: 21
2025-09-21 11:39:24 [http-nio-8080-exec-9] INFO  c.w.services.WaterLogService - Successfully deleted water log with ID: 21
2025-09-21 11:39:26 [http-nio-8080-exec-2] INFO  c.w.services.WaterLogService - Deleting water log with ID: 20
2025-09-21 11:39:26 [http-nio-8080-exec-2] INFO  c.w.services.WaterLogService - Successfully deleted water log with ID: 20
2025-09-21 11:39:27 [http-nio-8080-exec-4] INFO  c.w.services.WaterLogService - Adding water log: 8 ounces at 2025-09-21T11:39:27.207316212
2025-09-21 11:39:27 [http-nio-8080-exec-4] INFO  c.w.services.WaterLogService - Successfully added water log with ID: 0
2025-09-21 11:39:28 [http-nio-8080-exec-6] INFO  c.w.services.WaterLogService - Adding water log: 8 ounces at 2025-09-21T11:39:28.233094964
2025-09-21 11:39:28 [http-nio-8080-exec-6] INFO  c.w.services.WaterLogService - Successfully added water log with ID: 0
2025-09-21 11:39:30 [http-nio-8080-exec-9] INFO  c.w.services.WaterLogService - Deleting water log with ID: 27
2025-09-21 11:39:30 [http-nio-8080-exec-9] INFO  c.w.services.WaterLogService - Successfully deleted water log with ID: 27
2025-09-21 11:39:32 [http-nio-8080-exec-2] INFO  c.w.services.WaterLogService - Deleting water log with ID: 26
2025-09-21 11:39:32 [http-nio-8080-exec-2] INFO  c.w.services.WaterLogService - Successfully deleted water log with ID: 26
2025-09-21 11:39:32 [http-nio-8080-exec-4] INFO  c.w.services.WaterLogService - Adding water log: 8 ounces at 2025-09-21T11:39:32.744267247
2025-09-21 11:39:32 [http-nio-8080-exec-4] INFO  c.w.services.WaterLogService - Successfully added water log with ID: 0
2025-09-21 11:39:33 [http-nio-8080-exec-6] INFO  c.w.services.WaterLogService - Adding water log: 8 ounces at 2025-09-21T11:39:33.295507232
2025-09-21 11:39:33 [http-nio-8080-exec-6] INFO  c.w.services.WaterLogService - Successfully added water log with ID: 0
2025-09-21 11:39:32 [http-nio-8080-exec-9] INFO  c.w.services.WaterLogService - Deleting water log with ID: 29
2025-09-21 11:39:32 [http-nio-8080-exec-9] INFO  c.w.services.WaterLogService - Successfully deleted water log with ID: 29
2025-09-21 11:39:33 [http-nio-8080-exec-2] INFO  c.w.services.WaterLogService - Deleting water log with ID: 28
2025-09-21 11:39:33 [http-nio-8080-exec-2] INFO  c.w.services.WaterLogService - Successfully deleted water log with ID: 28
2025-09-21 11:39:34 [http-nio-8080-exec-4] INFO  c.w.services.WaterLogService - Adding water log: 20 ounces at 2025-09-21T11:39:34.326577981
2025-09-21 11:39:34 [http-nio-8080-exec-4] INFO  c.w.services.WaterLogService - Successfully added water log with ID: 0
2025-09-21 11:39:35 [http-nio-8080-exec-6] INFO  c.w.services.WaterLogService - Adding water log: 20 ounces at 2025-09-21T11:39:35.816529076
2025-09-21 11:39:35 [http-nio-8080-exec-6] INFO  c.w.services.WaterLogService - Successfully added water log with ID: 0
2025-09-21 11:39:37 [http-nio-8080-exec-8] INFO  c.w.services.WaterLogService - Adding water log: 20 ounces at 2025-09-21T11:39:37.604532331
2025-09-21 11:39:37 [http-nio-8080-exec-8] INFO  c.w.services.WaterLogService - Successfully added water log with ID: 0
2025-09-21 11:39:43 [http-nio-8080-exec-2] INFO  c.w.services.WaterLogService - Deleting water log with ID: 32
2025-09-21 11:39:43 [http-nio-8080-exec-2] INFO  c.w.services.WaterLogService - Successfully deleted water log with ID: 32
2025-09-21 11:39:44 [http-nio-8080-exec-5] INFO  c.w.services.WaterLogService - Deleting water log with ID: 31
2025-09-21 11:39:44 [http-nio-8080-exec-5] INFO  c.w.services.WaterLogService - Successfully deleted water log with ID: 31
2025-09-21 11:39:46 [http-nio-8080-exec-8] INFO  c.w.services.WaterLogService - Deleting water log with ID: 30
2025-09-21 11:39:46 [http-nio-8080-exec-8] INFO  c.w.services.WaterLogService - Successfully deleted water log with ID: 30
2025-09-21 11:40:03 [http-nio-8080-exec-10] INFO  c.w.services.WaterLogService - Adding water log: 64 ounces at 2025-09-21T11:40:03.709593973
2025-09-21 11:40:03 [http-nio-8080-exec-10] INFO  c.w.services.WaterLogService - Successfully added water log with ID: 0
2025-09-21 11:40:03 [http-nio-8080-exec-2] INFO  c.w.services.WaterLogService - Adding water log: 8 ounces at 2025-09-21T11:40:03.108155823
2025-09-21 11:40:03 [http-nio-8080-exec-2] INFO  c.w.services.WaterLogService - Successfully added water log with ID: 0
2025-09-21 11:40:05 [http-nio-8080-exec-5] INFO  c.w.services.WaterLogService - Deleting water log with ID: 34
2025-09-21 11:40:05 [http-nio-8080-exec-5] INFO  c.w.services.WaterLogService - Successfully deleted water log with ID: 34
2025-09-21 11:40:06 [http-nio-8080-exec-8] INFO  c.w.services.WaterLogService - Deleting water log with ID: 33
2025-09-21 11:40:06 [http-nio-8080-exec-8] INFO  c.w.services.WaterLogService - Successfully deleted water log with ID: 33
2025-09-21 11:40:09 [http-nio-8080-exec-10] INFO  c.w.services.WaterLogService - Adding water log: 64 ounces at 2025-09-21T11:40:09.335144256
2025-09-21 11:40:09 [http-nio-8080-exec-10] INFO  c.w.services.WaterLogService - Successfully added water log with ID: 0
2025-09-21 11:40:13 [http-nio-8080-exec-3] INFO  c.w.services.WaterLogService - Deleting water log with ID: 35
2025-09-21 11:40:13 [http-nio-8080-exec-3] INFO  c.w.services.WaterLogService - Successfully deleted water log with ID: 35
2025-09-21 11:40:17 [http-nio-8080-exec-5] INFO  c.w.services.WaterLogService - Adding water log: 64 ounces at 2025-09-21T11:40:17.060824889
2025-09-21 11:40:17 [http-nio-8080-exec-5] INFO  c.w.services.WaterLogService - Successfully added water log with ID: 0
